[2025-03-18 12:50:40,644] [run.py[line:153]] [INFO] [TransDhTask init]
[2025-03-18 12:50:41,729] [run.py[line:158]] [INFO] [任务:1002 -> audio_url:./temp/example/audio.wav  video_url:./temp/example/video.mp4]
[2025-03-18 12:50:41,732] [run.py[line:158]] [INFO] [[1002] -> ffmpeg video: ffmpeg -loglevel warning -i ./temp/example/video.mp4 -c:v libx264 -crf 15 -an -y ./temp/1002_format.mp4]
[2025-03-18 12:50:41,790] [run.py[line:158]] [ERROR] [[1002]预处理失败，异常信息:[format video error]]
[2025-03-18 12:50:41,790] [run.py[line:158]] [ERROR] [[1002]任务执行失败，异常信息:[[1002]预处理失败，异常信息:[format video error]]]
[2025-03-18 12:50:41,791] [run.py[line:158]] [INFO] [>>> 任务:1002 耗时:0.06167912483215332 ]
[2025-03-18 12:50:57,817] [run.py[line:143]] [INFO] [TransDhTask init]
[2025-03-18 12:50:58,906] [run.py[line:147]] [INFO] [任务:1002 -> audio_url:./temp/example/audio.wav  video_url:./temp/example/video.mp4]
[2025-03-18 12:50:58,908] [run.py[line:147]] [INFO] [[1002] -> ffmpeg video: ffmpeg -loglevel warning -i ./temp/example/video.mp4 -c:v libx264 -crf 15 -an -y ./temp/1002_format.mp4]
[2025-03-18 12:50:58,964] [run.py[line:147]] [ERROR] [[1002]预处理失败，异常信息:[format video error]]
[2025-03-18 12:50:58,965] [run.py[line:147]] [ERROR] [[1002]任务执行失败，异常信息:[[1002]预处理失败，异常信息:[format video error]]]
[2025-03-18 12:50:58,966] [run.py[line:147]] [INFO] [>>> 任务:1002 耗时:0.059505462646484375 ]
[2025-03-18 12:52:06,385] [run.py[line:143]] [INFO] [TransDhTask init]
[2025-03-18 12:52:07,560] [run.py[line:147]] [INFO] [任务:1002 -> audio_url:./example/audio.wav  video_url:./example/video.mp4]
[2025-03-18 12:52:07,646] [run.py[line:147]] [INFO] [[1002] -> ffmpeg video: ffmpeg -loglevel warning -i ./example/video.mp4 -crf 15 -vcodec copy -an -y ./1002_format.mp4]
[2025-03-18 12:52:07,801] [run.py[line:147]] [INFO] [[1002] -> ffmpeg audio: ffmpeg -loglevel warning -i ./example/audio.wav -ac 1 -ar 16000 -acodec pcm_s16le -y  ./1002_format.wav]
[2025-03-18 12:52:07,922] [run.py[line:147]] [INFO] [[1002] -> 预处理耗时:0.35927414894104004s]
[2025-03-18 12:52:10,169] [run.py[line:147]] [INFO] [[1002] -> get_aud_feat1 cost:2.245649576187134s]
[2025-03-18 12:52:11,702] [process.py[line:108]] [INFO] [>>> init_wh_process进程启动]
[2025-03-18 12:52:20,087] [process.py[line:108]] [INFO] [[1002]init_wh result :[0.8809176216714891]， cost: 8.382684469223022 s]
[2025-03-18 12:52:20,090] [run.py[line:147]] [INFO] [[1002] -> wh: [0.8809176216714891]]
[2025-03-18 12:52:21,453] [process.py[line:108]] [INFO] [>>> 数字人图片处理进程启动]
[2025-03-18 12:52:24,015] [process.py[line:108]] [INFO] [[1002]任务视频驱动队列启动 batch_size:4, len:150]
[2025-03-18 12:52:24,050] [process.py[line:108]] [INFO] [drivered_video >>>>>>>>>>>>>>>>>>>> 开始循环]
[2025-03-18 12:52:24,085] [process.py[line:108]] [INFO] [drivered_video >>>>>>>>>>>>>>>>>>>> 发送数据大小:[4], current_idx:4]
[2025-03-18 12:52:24,112] [process.py[line:108]] [INFO] [drivered_video >>>>>>>>>>>>>>>>>>>> 发送数据大小:[4], current_idx:8]
[2025-03-18 12:52:24,122] [process.py[line:108]] [INFO] [>>> audio_transfer get message:4]
[2025-03-18 12:52:24,139] [process.py[line:108]] [INFO] [drivered_video >>>>>>>>>>>>>>>>>>>> 发送数据大小:[4], current_idx:12]
[2025-03-18 12:52:24,148] [process.py[line:108]] [INFO] [drivered_video >>>>>>>>>>>>>>>>>>>> 发送数据大小:[4], current_idx:16]
[2025-03-18 12:52:24,161] [process.py[line:108]] [INFO] [drivered_video >>>>>>>>>>>>>>>>>>>> 发送数据大小:[4], current_idx:20]
[2025-03-18 12:52:24,173] [process.py[line:108]] [INFO] [drivered_video >>>>>>>>>>>>>>>>>>>> 发送数据大小:[4], current_idx:24]
[2025-03-18 12:52:24,185] [process.py[line:108]] [INFO] [drivered_video >>>>>>>>>>>>>>>>>>>> 发送数据大小:[4], current_idx:28]
[2025-03-18 12:52:24,197] [process.py[line:108]] [INFO] [drivered_video >>>>>>>>>>>>>>>>>>>> 发送数据大小:[4], current_idx:32]
[2025-03-18 12:52:24,208] [process.py[line:108]] [INFO] [drivered_video >>>>>>>>>>>>>>>>>>>> 发送数据大小:[4], current_idx:36]
[2025-03-18 12:52:24,222] [process.py[line:108]] [INFO] [drivered_video >>>>>>>>>>>>>>>>>>>> 发送数据大小:[4], current_idx:40]
[2025-03-18 12:52:24,232] [process.py[line:108]] [INFO] [drivered_video >>>>>>>>>>>>>>>>>>>> 发送数据大小:[4], current_idx:44]
[2025-03-18 12:52:25,722] [process.py[line:108]] [INFO] [[1002] -> frame_id:[4] 模糊置信度:[0.969]]
[2025-03-18 12:52:25,723] [process.py[line:108]] [INFO] [[1002] -> need chaofen .]
[2025-03-18 12:52:25,905] [utils.py[line:145]] [INFO] [Note: detected 72 virtual cores but NumExpr set to maximum of 64, check "NUMEXPR_MAX_THREADS" environment variable.]
[2025-03-18 12:52:25,906] [utils.py[line:148]] [INFO] [Note: NumExpr detected 72 cores but "NUMEXPR_MAX_THREADS" not set, so enforcing safe limit of 8.]
[2025-03-18 12:52:25,907] [utils.py[line:160]] [INFO] [NumExpr defaulting to 8 threads.]
[2025-03-18 12:52:26,083] [process.py[line:108]] [INFO] [[4] -> chaofen  cost:1.9595112800598145s]
[2025-03-18 12:52:31,071] [process.py[line:108]] [INFO] [audio_transfer >>>>>>>>>>> 发送完成数据大小:4, frameId:4, cost:6.948575258255005s]
[2025-03-18 12:52:31,116] [process.py[line:108]] [INFO] [>>> audio_transfer get message:8]
[2025-03-18 12:52:31,126] [process.py[line:108]] [INFO] [drivered_video >>>>>>>>>>>>>>>>>>>> 发送数据大小:[4], current_idx:48]
[2025-03-18 12:52:31,347] [process.py[line:108]] [INFO] [[8] -> chaofen  cost:0.2294461727142334s]
[2025-03-18 12:52:31,576] [process.py[line:108]] [INFO] [audio_transfer >>>>>>>>>>> 发送完成数据大小:4, frameId:8, cost:0.45979762077331543s]
[2025-03-18 12:52:31,605] [process.py[line:108]] [INFO] [>>> audio_transfer get message:12]
[2025-03-18 12:52:31,615] [process.py[line:108]] [INFO] [drivered_video >>>>>>>>>>>>>>>>>>>> 发送数据大小:[4], current_idx:52]
[2025-03-18 12:52:31,818] [process.py[line:108]] [INFO] [[12] -> chaofen  cost:0.21271824836730957s]
[2025-03-18 12:52:32,036] [process.py[line:108]] [INFO] [audio_transfer >>>>>>>>>>> 发送完成数据大小:4, frameId:12, cost:0.43187427520751953s]
[2025-03-18 12:52:32,060] [process.py[line:108]] [INFO] [>>> audio_transfer get message:16]
[2025-03-18 12:52:32,072] [process.py[line:108]] [INFO] [drivered_video >>>>>>>>>>>>>>>>>>>> 发送数据大小:[4], current_idx:56]
[2025-03-18 12:52:32,279] [process.py[line:108]] [INFO] [[16] -> chaofen  cost:0.21899199485778809s]
[2025-03-18 12:52:32,530] [process.py[line:108]] [INFO] [audio_transfer >>>>>>>>>>> 发送完成数据大小:4, frameId:16, cost:0.47049522399902344s]
[2025-03-18 12:52:32,552] [process.py[line:108]] [INFO] [>>> audio_transfer get message:20]
[2025-03-18 12:52:32,567] [process.py[line:108]] [INFO] [drivered_video >>>>>>>>>>>>>>>>>>>> 发送数据大小:[4], current_idx:60]
[2025-03-18 12:52:32,766] [process.py[line:108]] [INFO] [[20] -> chaofen  cost:0.21334147453308105s]
[2025-03-18 12:52:32,993] [process.py[line:108]] [INFO] [audio_transfer >>>>>>>>>>> 发送完成数据大小:4, frameId:20, cost:0.4411466121673584s]
[2025-03-18 12:52:33,015] [process.py[line:108]] [INFO] [>>> audio_transfer get message:24]
[2025-03-18 12:52:33,028] [process.py[line:108]] [INFO] [drivered_video >>>>>>>>>>>>>>>>>>>> 发送数据大小:[4], current_idx:64]
[2025-03-18 12:52:33,229] [process.py[line:108]] [INFO] [[24] -> chaofen  cost:0.21344351768493652s]
[2025-03-18 12:52:33,457] [process.py[line:108]] [INFO] [audio_transfer >>>>>>>>>>> 发送完成数据大小:4, frameId:24, cost:0.44205546379089355s]
[2025-03-18 12:52:33,479] [process.py[line:108]] [INFO] [>>> audio_transfer get message:28]
[2025-03-18 12:52:33,493] [process.py[line:108]] [INFO] [drivered_video >>>>>>>>>>>>>>>>>>>> 发送数据大小:[4], current_idx:68]
[2025-03-18 12:52:33,697] [process.py[line:108]] [INFO] [[28] -> chaofen  cost:0.21679949760437012s]
[2025-03-18 12:52:33,924] [process.py[line:108]] [INFO] [audio_transfer >>>>>>>>>>> 发送完成数据大小:4, frameId:28, cost:0.4448537826538086s]
[2025-03-18 12:52:33,946] [process.py[line:108]] [INFO] [>>> audio_transfer get message:32]
[2025-03-18 12:52:33,960] [process.py[line:108]] [INFO] [drivered_video >>>>>>>>>>>>>>>>>>>> 发送数据大小:[4], current_idx:72]
[2025-03-18 12:52:34,159] [process.py[line:108]] [INFO] [[32] -> chaofen  cost:0.21156740188598633s]
[2025-03-18 12:52:34,381] [process.py[line:108]] [INFO] [audio_transfer >>>>>>>>>>> 发送完成数据大小:4, frameId:32, cost:0.43474769592285156s]
[2025-03-18 12:52:34,403] [process.py[line:108]] [INFO] [>>> audio_transfer get message:36]
[2025-03-18 12:52:34,417] [process.py[line:108]] [INFO] [drivered_video >>>>>>>>>>>>>>>>>>>> 发送数据大小:[4], current_idx:76]
[2025-03-18 12:52:34,618] [process.py[line:108]] [INFO] [[36] -> chaofen  cost:0.21408891677856445s]
[2025-03-18 12:52:34,844] [process.py[line:108]] [INFO] [audio_transfer >>>>>>>>>>> 发送完成数据大小:4, frameId:36, cost:0.4406392574310303s]
[2025-03-18 12:52:34,867] [process.py[line:108]] [INFO] [>>> audio_transfer get message:40]
[2025-03-18 12:52:34,881] [process.py[line:108]] [INFO] [drivered_video >>>>>>>>>>>>>>>>>>>> 发送数据大小:[4], current_idx:80]
[2025-03-18 12:52:35,099] [process.py[line:108]] [INFO] [[40] -> chaofen  cost:0.23105645179748535s]
[2025-03-18 12:52:35,328] [process.py[line:108]] [INFO] [audio_transfer >>>>>>>>>>> 发送完成数据大小:4, frameId:40, cost:0.46161866188049316s]
[2025-03-18 12:52:35,350] [process.py[line:108]] [INFO] [>>> audio_transfer get message:44]
[2025-03-18 12:52:35,363] [process.py[line:108]] [INFO] [drivered_video >>>>>>>>>>>>>>>>>>>> 发送数据大小:[4], current_idx:84]
[2025-03-18 12:52:35,577] [process.py[line:108]] [INFO] [[44] -> chaofen  cost:0.22576594352722168s]
[2025-03-18 12:52:35,808] [process.py[line:108]] [INFO] [audio_transfer >>>>>>>>>>> 发送完成数据大小:4, frameId:44, cost:0.4577639102935791s]
[2025-03-18 12:52:35,832] [process.py[line:108]] [INFO] [>>> audio_transfer get message:48]
[2025-03-18 12:52:35,846] [process.py[line:108]] [INFO] [drivered_video >>>>>>>>>>>>>>>>>>>> 发送数据大小:[4], current_idx:88]
[2025-03-18 12:52:36,047] [process.py[line:108]] [INFO] [[48] -> chaofen  cost:0.21441864967346191s]
[2025-03-18 12:52:36,278] [process.py[line:108]] [INFO] [audio_transfer >>>>>>>>>>> 发送完成数据大小:4, frameId:48, cost:0.4459846019744873s]
[2025-03-18 12:52:36,301] [process.py[line:108]] [INFO] [>>> audio_transfer get message:52]
[2025-03-18 12:52:36,315] [process.py[line:108]] [INFO] [drivered_video >>>>>>>>>>>>>>>>>>>> 发送数据大小:[4], current_idx:92]
[2025-03-18 12:52:36,521] [process.py[line:108]] [INFO] [[52] -> chaofen  cost:0.2181704044342041s]
[2025-03-18 12:52:36,777] [process.py[line:108]] [INFO] [audio_transfer >>>>>>>>>>> 发送完成数据大小:4, frameId:52, cost:0.47586750984191895s]
[2025-03-18 12:52:36,798] [process.py[line:108]] [INFO] [>>> audio_transfer get message:56]
[2025-03-18 12:52:36,817] [process.py[line:108]] [INFO] [drivered_video >>>>>>>>>>>>>>>>>>>> 发送数据大小:[4], current_idx:96]
[2025-03-18 12:52:37,014] [process.py[line:108]] [INFO] [[56] -> chaofen  cost:0.2147221565246582s]
[2025-03-18 12:52:37,247] [process.py[line:108]] [INFO] [audio_transfer >>>>>>>>>>> 发送完成数据大小:4, frameId:56, cost:0.4486660957336426s]
[2025-03-18 12:52:37,266] [process.py[line:108]] [INFO] [>>> audio_transfer get message:60]
[2025-03-18 12:52:37,281] [process.py[line:108]] [INFO] [drivered_video >>>>>>>>>>>>>>>>>>>> 发送数据大小:[4], current_idx:100]
[2025-03-18 12:52:37,483] [process.py[line:108]] [INFO] [[60] -> chaofen  cost:0.21598410606384277s]
[2025-03-18 12:52:37,703] [process.py[line:108]] [INFO] [audio_transfer >>>>>>>>>>> 发送完成数据大小:4, frameId:60, cost:0.43683695793151855s]
[2025-03-18 12:52:37,722] [process.py[line:108]] [INFO] [>>> audio_transfer get message:64]
[2025-03-18 12:52:37,736] [process.py[line:108]] [INFO] [drivered_video >>>>>>>>>>>>>>>>>>>> 发送数据大小:[4], current_idx:104]
[2025-03-18 12:52:37,941] [process.py[line:108]] [INFO] [[64] -> chaofen  cost:0.2180624008178711s]
[2025-03-18 12:52:38,163] [process.py[line:108]] [INFO] [audio_transfer >>>>>>>>>>> 发送完成数据大小:4, frameId:64, cost:0.4412345886230469s]
[2025-03-18 12:52:38,183] [process.py[line:108]] [INFO] [>>> audio_transfer get message:68]
[2025-03-18 12:52:38,197] [process.py[line:108]] [INFO] [drivered_video >>>>>>>>>>>>>>>>>>>> 发送数据大小:[4], current_idx:108]
[2025-03-18 12:52:38,397] [process.py[line:108]] [INFO] [[68] -> chaofen  cost:0.21321654319763184s]
[2025-03-18 12:52:38,637] [process.py[line:108]] [INFO] [audio_transfer >>>>>>>>>>> 发送完成数据大小:4, frameId:68, cost:0.45404863357543945s]
[2025-03-18 12:52:38,656] [process.py[line:108]] [INFO] [>>> audio_transfer get message:72]
[2025-03-18 12:52:38,670] [process.py[line:108]] [INFO] [drivered_video >>>>>>>>>>>>>>>>>>>> 发送数据大小:[4], current_idx:112]
[2025-03-18 12:52:38,877] [process.py[line:108]] [INFO] [[72] -> chaofen  cost:0.21999263763427734s]
[2025-03-18 12:52:39,100] [process.py[line:108]] [INFO] [audio_transfer >>>>>>>>>>> 发送完成数据大小:4, frameId:72, cost:0.4440436363220215s]
[2025-03-18 12:52:39,119] [process.py[line:108]] [INFO] [>>> audio_transfer get message:76]
[2025-03-18 12:52:39,133] [process.py[line:108]] [INFO] [drivered_video >>>>>>>>>>>>>>>>>>>> 发送数据大小:[4], current_idx:116]
[2025-03-18 12:52:39,347] [process.py[line:108]] [INFO] [[76] -> chaofen  cost:0.22693967819213867s]
[2025-03-18 12:52:39,568] [process.py[line:108]] [INFO] [audio_transfer >>>>>>>>>>> 发送完成数据大小:4, frameId:76, cost:0.4492220878601074s]
[2025-03-18 12:52:39,586] [process.py[line:108]] [INFO] [>>> audio_transfer get message:80]
[2025-03-18 12:52:39,601] [process.py[line:108]] [INFO] [drivered_video >>>>>>>>>>>>>>>>>>>> 发送数据大小:[4], current_idx:120]
[2025-03-18 12:52:39,801] [process.py[line:108]] [INFO] [[80] -> chaofen  cost:0.21407222747802734s]
[2025-03-18 12:52:40,024] [process.py[line:108]] [INFO] [audio_transfer >>>>>>>>>>> 发送完成数据大小:4, frameId:80, cost:0.4377562999725342s]
[2025-03-18 12:52:40,052] [process.py[line:108]] [INFO] [>>> audio_transfer get message:84]
[2025-03-18 12:52:40,068] [process.py[line:108]] [INFO] [drivered_video >>>>>>>>>>>>>>>>>>>> 发送数据大小:[4], current_idx:124]
[2025-03-18 12:52:40,270] [process.py[line:108]] [INFO] [[84] -> chaofen  cost:0.21637320518493652s]
[2025-03-18 12:52:40,494] [process.py[line:108]] [INFO] [audio_transfer >>>>>>>>>>> 发送完成数据大小:4, frameId:84, cost:0.44118523597717285s]
[2025-03-18 12:52:40,513] [process.py[line:108]] [INFO] [>>> audio_transfer get message:88]
[2025-03-18 12:52:40,527] [process.py[line:108]] [INFO] [drivered_video >>>>>>>>>>>>>>>>>>>> 发送数据大小:[4], current_idx:128]
[2025-03-18 12:52:40,731] [process.py[line:108]] [INFO] [[88] -> chaofen  cost:0.2170412540435791s]
[2025-03-18 12:52:40,951] [process.py[line:108]] [INFO] [audio_transfer >>>>>>>>>>> 发送完成数据大小:4, frameId:88, cost:0.4383111000061035s]
[2025-03-18 12:52:40,971] [process.py[line:108]] [INFO] [>>> audio_transfer get message:92]
[2025-03-18 12:52:40,984] [process.py[line:108]] [INFO] [drivered_video >>>>>>>>>>>>>>>>>>>> 发送数据大小:[4], current_idx:132]
[2025-03-18 12:52:41,187] [process.py[line:108]] [INFO] [[92] -> chaofen  cost:0.2148122787475586s]
[2025-03-18 12:52:41,416] [process.py[line:108]] [INFO] [audio_transfer >>>>>>>>>>> 发送完成数据大小:4, frameId:92, cost:0.4454326629638672s]
[2025-03-18 12:52:41,439] [process.py[line:108]] [INFO] [>>> audio_transfer get message:96]
[2025-03-18 12:52:41,451] [process.py[line:108]] [INFO] [drivered_video >>>>>>>>>>>>>>>>>>>> 发送数据大小:[4], current_idx:136]
[2025-03-18 12:52:41,663] [process.py[line:108]] [INFO] [[96] -> chaofen  cost:0.222761869430542s]
[2025-03-18 12:52:41,887] [process.py[line:108]] [INFO] [audio_transfer >>>>>>>>>>> 发送完成数据大小:4, frameId:96, cost:0.4477369785308838s]
[2025-03-18 12:52:41,906] [process.py[line:108]] [INFO] [>>> audio_transfer get message:100]
[2025-03-18 12:52:41,920] [process.py[line:108]] [INFO] [drivered_video >>>>>>>>>>>>>>>>>>>> 发送数据大小:[4], current_idx:140]
[2025-03-18 12:52:42,123] [process.py[line:108]] [INFO] [[100] -> chaofen  cost:0.21576929092407227s]
[2025-03-18 12:52:42,359] [process.py[line:108]] [INFO] [audio_transfer >>>>>>>>>>> 发送完成数据大小:4, frameId:100, cost:0.4525878429412842s]
[2025-03-18 12:52:42,379] [process.py[line:108]] [INFO] [>>> audio_transfer get message:104]
[2025-03-18 12:52:42,394] [process.py[line:108]] [INFO] [drivered_video >>>>>>>>>>>>>>>>>>>> 发送数据大小:[4], current_idx:144]
[2025-03-18 12:52:42,596] [process.py[line:108]] [INFO] [[104] -> chaofen  cost:0.21553897857666016s]
[2025-03-18 12:52:42,836] [process.py[line:108]] [INFO] [audio_transfer >>>>>>>>>>> 发送完成数据大小:4, frameId:104, cost:0.45633435249328613s]
[2025-03-18 12:52:42,855] [process.py[line:108]] [INFO] [>>> audio_transfer get message:108]
[2025-03-18 12:52:42,870] [process.py[line:108]] [INFO] [drivered_video >>>>>>>>>>>>>>>>>>>> 发送数据大小:[4], current_idx:148]
[2025-03-18 12:52:42,873] [process.py[line:108]] [INFO] [append imgs over]
[2025-03-18 12:52:42,879] [process.py[line:108]] [INFO] [drivered_video >>>>>>>>>>>>>>>>>>>> 发送数据结束]
[2025-03-18 12:52:43,073] [process.py[line:108]] [INFO] [[108] -> chaofen  cost:0.21662592887878418s]
[2025-03-18 12:52:43,297] [process.py[line:108]] [INFO] [audio_transfer >>>>>>>>>>> 发送完成数据大小:4, frameId:108, cost:0.4421381950378418s]
[2025-03-18 12:52:43,318] [process.py[line:108]] [INFO] [>>> audio_transfer get message:112]
[2025-03-18 12:52:43,332] [process.py[line:108]] [INFO] [[1002]任务预处理进程结束]
[2025-03-18 12:52:43,531] [process.py[line:108]] [INFO] [[112] -> chaofen  cost:0.21228814125061035s]
[2025-03-18 12:52:43,791] [process.py[line:108]] [INFO] [audio_transfer >>>>>>>>>>> 发送完成数据大小:4, frameId:112, cost:0.47336626052856445s]
[2025-03-18 12:52:43,811] [process.py[line:108]] [INFO] [>>> audio_transfer get message:116]
[2025-03-18 12:52:44,034] [process.py[line:108]] [INFO] [[116] -> chaofen  cost:0.2223985195159912s]
[2025-03-18 12:52:44,262] [process.py[line:108]] [INFO] [audio_transfer >>>>>>>>>>> 发送完成数据大小:4, frameId:116, cost:0.4509873390197754s]
[2025-03-18 12:52:44,281] [process.py[line:108]] [INFO] [>>> audio_transfer get message:120]
[2025-03-18 12:52:44,499] [process.py[line:108]] [INFO] [[120] -> chaofen  cost:0.21637916564941406s]
[2025-03-18 12:52:44,742] [process.py[line:108]] [INFO] [audio_transfer >>>>>>>>>>> 发送完成数据大小:4, frameId:120, cost:0.46120476722717285s]
[2025-03-18 12:52:44,762] [process.py[line:108]] [INFO] [>>> audio_transfer get message:124]
[2025-03-18 12:52:44,981] [process.py[line:108]] [INFO] [[124] -> chaofen  cost:0.21886157989501953s]
[2025-03-18 12:52:45,240] [process.py[line:108]] [INFO] [audio_transfer >>>>>>>>>>> 发送完成数据大小:4, frameId:124, cost:0.4781684875488281s]
[2025-03-18 12:52:45,258] [process.py[line:108]] [INFO] [>>> audio_transfer get message:128]
[2025-03-18 12:52:45,474] [process.py[line:108]] [INFO] [[128] -> chaofen  cost:0.21480226516723633s]
[2025-03-18 12:52:45,708] [process.py[line:108]] [INFO] [audio_transfer >>>>>>>>>>> 发送完成数据大小:4, frameId:128, cost:0.44920992851257324s]
[2025-03-18 12:52:45,726] [process.py[line:108]] [INFO] [>>> audio_transfer get message:132]
[2025-03-18 12:52:45,943] [process.py[line:108]] [INFO] [[132] -> chaofen  cost:0.21567535400390625s]
[2025-03-18 12:52:46,181] [process.py[line:108]] [INFO] [audio_transfer >>>>>>>>>>> 发送完成数据大小:4, frameId:132, cost:0.45519399642944336s]
[2025-03-18 12:52:46,200] [process.py[line:108]] [INFO] [>>> audio_transfer get message:136]
[2025-03-18 12:52:46,418] [process.py[line:108]] [INFO] [[136] -> chaofen  cost:0.21763992309570312s]
[2025-03-18 12:52:46,662] [process.py[line:108]] [INFO] [audio_transfer >>>>>>>>>>> 发送完成数据大小:4, frameId:136, cost:0.4619452953338623s]
[2025-03-18 12:52:46,681] [process.py[line:108]] [INFO] [>>> audio_transfer get message:140]
[2025-03-18 12:52:46,900] [process.py[line:108]] [INFO] [[140] -> chaofen  cost:0.21794748306274414s]
[2025-03-18 12:52:47,146] [process.py[line:108]] [INFO] [audio_transfer >>>>>>>>>>> 发送完成数据大小:4, frameId:140, cost:0.4646177291870117s]
[2025-03-18 12:52:47,166] [process.py[line:108]] [INFO] [>>> audio_transfer get message:144]
[2025-03-18 12:52:47,382] [process.py[line:108]] [INFO] [[144] -> chaofen  cost:0.21491503715515137s]
[2025-03-18 12:52:47,619] [process.py[line:108]] [INFO] [audio_transfer >>>>>>>>>>> 发送完成数据大小:4, frameId:144, cost:0.4536001682281494s]
[2025-03-18 12:52:47,639] [process.py[line:108]] [INFO] [>>> audio_transfer get message:148]
[2025-03-18 12:52:47,857] [process.py[line:108]] [INFO] [[148] -> chaofen  cost:0.21780657768249512s]
[2025-03-18 12:52:48,098] [process.py[line:108]] [INFO] [audio_transfer >>>>>>>>>>> 发送完成数据大小:4, frameId:148, cost:0.459348201751709s]
[2025-03-18 12:52:48,104] [process.py[line:108]] [INFO] [>>> audio_transfer get exception msg:-1]
[2025-03-18 12:52:48,105] [process.py[line:108]] [INFO] [[1002]任务数字人图片处理已完成]
[2025-03-18 12:52:48,146] [run.py[line:43]] [INFO] [Custom VideoWriter [1002]视频帧队列处理已结束]
[2025-03-18 12:52:48,151] [run.py[line:46]] [INFO] [Custom VideoWriter Silence Video saved in /mnt/nfs/bj4-v100-23/data1/yubosun/git_proj/heygem/heygem_ori_so/1002-t.mp4]
[2025-03-18 12:52:48,155] [run.py[line:118]] [INFO] [Custom command:ffmpeg -loglevel warning -y -i ./example/audio.wav -i ./1002-t.mp4 -c:a aac -c:v libx264 -crf 15 -strict -2 ./1002-r.mp4]
[2025-03-18 12:53:06,908] [run.py[line:147]] [INFO] [>>> 任务:1002 耗时:59.3451771736145 ]
